0 info it worked if it ends with ok
1 verbose cli [ 'C:\\Program Files\\nodejs\\\\node.exe',
1 verbose cli   'C:\\Program Files\\nodejs\\node_modules\\npm\\bin\\npm-cli.js',
1 verbose cli   'install',
1 verbose cli   'mongoose' ]
2 info using npm@1.3.11
3 info using node@v0.10.21
4 verbose node symlink C:\Program Files\nodejs\\node.exe
5 verbose readDependencies using package.json deps
6 verbose cache add [ 'mongoose@3.8.x', null ]
7 verbose cache add name=undefined spec="mongoose@3.8.x" args=["mongoose@3.8.x",null]
8 verbose parsed url { protocol: null,
8 verbose parsed url   slashes: null,
8 verbose parsed url   auth: null,
8 verbose parsed url   host: null,
8 verbose parsed url   port: null,
8 verbose parsed url   hostname: null,
8 verbose parsed url   hash: null,
8 verbose parsed url   search: null,
8 verbose parsed url   query: null,
8 verbose parsed url   pathname: 'mongoose@3.8.x',
8 verbose parsed url   path: 'mongoose@3.8.x',
8 verbose parsed url   href: 'mongoose@3.8.x' }
9 verbose cache add name="mongoose" spec="3.8.x" args=["mongoose","3.8.x"]
10 verbose parsed url { protocol: null,
10 verbose parsed url   slashes: null,
10 verbose parsed url   auth: null,
10 verbose parsed url   host: null,
10 verbose parsed url   port: null,
10 verbose parsed url   hostname: null,
10 verbose parsed url   hash: null,
10 verbose parsed url   search: null,
10 verbose parsed url   query: null,
10 verbose parsed url   pathname: '3.8.x',
10 verbose parsed url   path: '3.8.x',
10 verbose parsed url   href: '3.8.x' }
11 verbose addNamed [ 'mongoose', '3.8.x' ]
12 verbose addNamed [ null, '>=3.8.0-0 <3.9.0-0' ]
13 silly lockFile 2fc612e4-mongoose-3-8-x mongoose@3.8.x
14 verbose lock mongoose@3.8.x C:\Users\I053006\AppData\Roaming\npm-cache\2fc612e4-mongoose-3-8-x.lock
15 silly addNameRange { name: 'mongoose', range: '>=3.8.0-0 <3.9.0-0', hasData: false }
16 verbose url raw mongoose
17 verbose url resolving [ 'https://registry.npmjs.org/', './mongoose' ]
18 verbose url resolved https://registry.npmjs.org/mongoose
19 info trying registry request attempt 1 at 22:17:30
20 http GET https://registry.npmjs.org/mongoose
21 info retry will retry, error on last attempt: Error: tunneling socket could not be established, cause=connect ETIMEDOUT
22 info trying registry request attempt 2 at 22:18:03
23 http GET https://registry.npmjs.org/mongoose
24 info retry will retry, error on last attempt: Error: tunneling socket could not be established, cause=connect ETIMEDOUT
25 info trying registry request attempt 3 at 22:19:24
26 http GET https://registry.npmjs.org/mongoose
27 silly lockFile 2fc612e4-mongoose-3-8-x mongoose@3.8.x
28 silly lockFile 2fc612e4-mongoose-3-8-x mongoose@3.8.x
29 error network tunneling socket could not be established, cause=connect ETIMEDOUT
29 error network This is most likely not a problem with npm itself
29 error network and is related to network connectivity.
29 error network In most cases you are behind a proxy or have bad network settings.
29 error network
29 error network If you are behind a proxy, please make sure that the
29 error network 'proxy' config is set properly.  See: 'npm help config'
30 error System Windows_NT 6.1.7601
31 error command "C:\\Program Files\\nodejs\\\\node.exe" "C:\\Program Files\\nodejs\\node_modules\\npm\\bin\\npm-cli.js" "install" "mongoose"
32 error cwd C:\Users\I053006\limitless-cliffs-1156
33 error node -v v0.10.21
34 error npm -v 1.3.11
35 error code ECONNRESET
36 verbose exit [ 1, true ]
